Symptoms: Body pain, Blocked or runny nose, Tiredness
Symptoms: Body pain, Nose itching, Tongue ulcers
Symptoms: Tiredness, Sneezing, Shivering
Symptoms: Shivering, Stomach pain, Vomiting
Symptoms: Itching, Sneezing, Cough
Symptoms: Body pain, Sneezing, Fever
Symptoms: Red,  itchy eyes, Liver swelling, Chest pain
Symptoms: Blocked or runny nose, Tiredness, Blocked nose
Symptoms: Body pain, Side/back pain, Chills
Symptoms: Swollen belly, Sneezing, Shivering
Symptoms: Blurry vision, Tongue ulcers, Family history
Symptoms: Nose itching, Belly pain (lower right side), Irregular cervix test
Symptoms: Nose itching, Belly pain (lower right side), Irregular cervix test
Symptoms: Nose itching, Belly pain (lower right side), Irregular cervix test
Symptoms: Nose itching, Belly pain (lower right side), Irregular cervix test
Symptoms: Nose itching, Belly pain (lower right side), Irregular cervix test
Symptoms: Nose itching, Belly pain (lower right side), Irregular cervix test
Symptoms: Nose itching, Belly pain (lower right side), Irregular cervix test
Symptoms: Blocked or runny nose, Bleeding without reason, Swollen joints
Symptoms: Blocked or runny nose, Bleeding without reason, Swollen joints
Symptoms: Blocked or runny nose, Bleeding without reason, Swollen joints
Symptoms: Blocked or runny nose, Bleeding without reason, Itchy throat/roof of mouth
Symptoms: Tongue ulcers, Chest pain, Loss of appetite
Symptoms: Tongue ulcers, Chest pain, Loss of appetite
Symptoms: Tongue ulcers, Chest pain, Loss of appetite
Symptoms: Chest pain, Fever
Symptoms: Diarrhea, Fever, Constipation
Symptoms: Cough, Fever
Symptoms: Fatigue, Fever
Symptoms: Fatigue, Fever
Symptoms: Fatigue, Fever
Symptoms: Blood in stool, Chest pain
Symptoms: Blood in stool, Chest pain
Symptoms: Blood in stool, Chest pain
Symptoms: Blood in stool, Chest pain
Symptoms: Itchy throat/roof of mouth, Difficulty breathing, Blocked nose
Symptoms: Swollen joints, Itchy throat/roof of mouth, Difficulty breathing
Symptoms: Blurry vision, Itchy throat/roof of mouth, Difficulty breathing
Symptoms: Liver swelling, Side/back pain, Feeling cold often
Symptoms: Blocked or runny nose, Swollen joints, Itchy throat/roof of mouth
Symptoms: Bleeding without reason, Stomach pain, Back pain
Symptoms: Difficulty passing stool or urine, Belly pain (lower right side), Eye pressure/vision issues
Symptoms: Swollen joints, Itchy throat/roof of mouth, Difficulty breathing
Symptoms: Difficulty passing stool or urine, Unusual behavior, Nose itching
Symptoms: Blurry vision, Blocked nose
Symptoms: Swollen joints, Blocked nose
Symptoms: Swollen joints, Blocked nose
Symptoms: Itchy throat/roof of mouth, Difficulty breathing, Blocked nose
Symptoms: Difficulty breathing, Blocked nose
Symptoms: Difficulty breathing, Blocked nose
Symptoms: Difficulty breathing, Blocked nose
Symptoms: Blocked or runny nose, Blurry vision
Symptoms: Blocked or runny nose, Blurry vision
Symptoms: Blocked or runny nose, Blurry vision
Symptoms: Body pain, Blocked or runny nose
Symptoms: Body pain, Blocked or runny nose
Symptoms: Liver swelling, Swollen belly, Side/back pain
Symptoms: Cough, Headache, Fever
Symptoms: Cough, Dehydration, Headache, Fever
Symptoms: Fever
Symptoms: Chest pain
Symptoms: Thick mucus, Blurry vision, Bleeding without reason
Symptoms: Thinning hair, Bald patches, Excessive shedding
Symptoms: Constipation, Thinning hair, Itchy scalp
Symptoms: Blurry vision, Bleeding without reason, Swollen joints
Symptoms: Blurry vision, Bleeding without reason, Unhealthy eating habits
Symptoms: Wounds that heal slowly, Uncontrollable worry, Unhealthy eating habits
Symptoms: Swollen joints
